Build started 10/15/2014 7:27:57 PM.
     1>Project "C:\Users\Nick\Documents\GitHub\consoleRPG\consoleRPG\consoleRPG.vcxproj" on node 2 (build target(s)).
     1>InitializeBuildStatus:
         Touching "Release\consoleRPG.unsuccessfulbuild".
       ClCompile:
         All outputs are up-to-date.
         C:\Program Files (x86)\Microsoft Visual Studio 10.0\VC\bin\CL.exe /c /Zi /nologo /W3 /WX- /O2 /Oi /Oy- /GL /D WIN32 /D NDEBUG /D _CONSOLE /D _UNICODE /D UNICODE /Gm- /EHsc /MD /GS /Gy /fp:precise /Zc:wchar_t /Zc:forScope /Yu"StdAfx.h" /Fp"Release\consoleRPG.pch" /Fo"Release\\" /Fd"Release\vc100.pdb" /Gd /TP /analyze- /errorReport:prompt consoleRPG.cpp
         consoleRPG.cpp
     1>consoleRPG.cpp(458): warning C4101: 'menuItem' : unreferenced local variable
     1>consoleRPG.cpp(677): warning C4244: 'initializing' : conversion from 'std::streamoff' to 'long', possible loss of data
     1>consoleRPG.cpp(700): warning C4244: 'argument' : conversion from 'time_t' to 'unsigned int', possible loss of data
       Link:
         C:\Program Files (x86)\Microsoft Visual Studio 10.0\VC\bin\link.exe /ERRORREPORT:PROMPT /OUT:"C:\Users\Nick\Documents\GitHub\consoleRPG\Release\consoleRPG.exe" /INCREMENTAL:NO /NOLOGO kernel32.lib user32.lib gdi32.lib winspool.lib comdlg32.lib advapi32.lib shell32.lib ole32.lib oleaut32.lib uuid.lib odbc32.lib odbccp32.lib /MANIFEST /ManifestFile:"Release\consoleRPG.exe.intermediate.manifest" /MANIFESTUAC:"level='asInvoker' uiAccess='false'" /DEBUG /PDB:"C:\Users\Nick\Documents\GitHub\consoleRPG\Release\consoleRPG.pdb" /SUBSYSTEM:CONSOLE /OPT:REF /OPT:ICF /LTCG /TLBID:1 /DYNAMICBASE /NXCOMPAT /IMPLIB:"C:\Users\Nick\Documents\GitHub\consoleRPG\Release\consoleRPG.lib" /MACHINE:X86 Release\consoleRPG.obj
         Release\stdafx.obj
         Generating code
         Finished generating code
         consoleRPG.vcxproj -> C:\Users\Nick\Documents\GitHub\consoleRPG\Release\consoleRPG.exe
       Manifest:
         C:\Program Files (x86)\Microsoft SDKs\Windows\v7.0A\bin\mt.exe /nologo /verbose /outputresource:"C:\Users\Nick\Documents\GitHub\consoleRPG\Release\consoleRPG.exe;#1" /manifest Release\consoleRPG.exe.intermediate.manifest
       FinalizeBuildStatus:
         Deleting file "Release\consoleRPG.unsuccessfulbuild".
         Touching "Release\consoleRPG.lastbuildstate".
     1>Done Building Project "C:\Users\Nick\Documents\GitHub\consoleRPG\consoleRPG\consoleRPG.vcxproj" (build target(s)).

Build succeeded.

Time Elapsed 00:00:02.14
