Build started 10/15/2014 6:21:34 PM.
     1>Project "C:\Users\Nick\Documents\GitHub\consoleRPG\consoleRPG\consoleRPG.vcxproj" on node 2 (build target(s)).
     1>InitializeBuildStatus:
         Creating "Debug\consoleRPG.unsuccessfulbuild" because "AlwaysCreate" was specified.
       ClCompile:
         All outputs are up-to-date.
         C:\Program Files (x86)\Microsoft Visual Studio 10.0\VC\bin\CL.exe /c /ZI /nologo /W3 /WX- /Od /Oy- /D WIN32 /D _DEBUG /D _CONSOLE /D _UNICODE /D UNICODE /Gm /EHsc /RTC1 /MDd /GS /fp:precise /Zc:wchar_t /Zc:forScope /Yu"StdAfx.h" /Fp"Debug\consoleRPG.pch" /Fo"Debug\\" /Fd"Debug\vc100.pdb" /Gd /TP /analyze- /errorReport:prompt consoleRPG.cpp
         consoleRPG.cpp
     1>c:\users\nick\documents\github\consolerpg\consolerpg\consolerpg.cpp(619): warning C4244: 'argument' : conversion from 'time_t' to 'unsigned int', possible loss of data
       ManifestResourceCompile:
         All outputs are up-to-date.
       Link:
         C:\Program Files (x86)\Microsoft Visual Studio 10.0\VC\bin\link.exe /ERRORREPORT:PROMPT /OUT:"C:\Users\Nick\Documents\GitHub\consoleRPG\Debug\consoleRPG.exe" /INCREMENTAL /NOLOGO kernel32.lib user32.lib gdi32.lib winspool.lib comdlg32.lib advapi32.lib shell32.lib ole32.lib oleaut32.lib uuid.lib odbc32.lib odbccp32.lib /MANIFEST /ManifestFile:"Debug\consoleRPG.exe.intermediate.manifest" /MANIFESTUAC:"level='asInvoker' uiAccess='false'" /DEBUG /PDB:"C:\Users\Nick\Documents\GitHub\consoleRPG\Debug\consoleRPG.pdb" /SUBSYSTEM:CONSOLE /TLBID:1 /DYNAMICBASE /NXCOMPAT /IMPLIB:"C:\Users\Nick\Documents\GitHub\consoleRPG\Debug\consoleRPG.lib" /MACHINE:X86 Debug\consoleRPG.exe.embed.manifest.res
         Debug\consoleRPG.obj
         Debug\stdafx.obj
       Manifest:
         C:\Program Files (x86)\Microsoft SDKs\Windows\v7.0A\bin\mt.exe /nologo /verbose /out:"Debug\consoleRPG.exe.embed.manifest" /manifest Debug\consoleRPG.exe.intermediate.manifest
         All outputs are up-to-date.
       LinkEmbedManifest:
         All outputs are up-to-date.
         consoleRPG.vcxproj -> C:\Users\Nick\Documents\GitHub\consoleRPG\Debug\consoleRPG.exe
       FinalizeBuildStatus:
         Deleting file "Debug\consoleRPG.unsuccessfulbuild".
         Touching "Debug\consoleRPG.lastbuildstate".
     1>Done Building Project "C:\Users\Nick\Documents\GitHub\consoleRPG\consoleRPG\consoleRPG.vcxproj" (build target(s)).

Build succeeded.

Time Elapsed 00:00:01.63
